Ensuring DocNexus_v1.2.0.exe is not running...
Building DocNexus...
Running: D:\Code\DocNexusCorp\DocNexus\build\venv\Scripts\pyinstaller.exe --noconfirm --clean --name DocNexus_v1.2.0 --onefile --distpath D:\Code\DocNexusCorp\DocNexus\build\output --workpath D:\Code\DocNexusCorp\DocNexus\build\temp --specpath D:\Code\DocNexusCorp\DocNexus\build\spec --paths D:\Code\DocNexusCorp\DocNexus --icon D:\Code\DocNexusCorp\DocNexus\docnexus\static\logo.ico --add-data D:\Code\DocNexusCorp\DocNexus\docnexus\templates;docnexus/templates --add-data D:\Code\DocNexusCorp\DocNexus\docnexus\static;docnexus/static --hidden-import docnexus.version_info --hidden-import docnexus.features --hidden-import docnexus.features.smart_convert --hidden-import engineio.async_drivers.threading --hidden-import pymdownx --hidden-import pymdownx.betterem --hidden-import pymdownx.superfences --hidden-import pymdownx.tabbed --hidden-import pymdownx.details --hidden-import pymdownx.magiclink --hidden-import pymdownx.tasklist --hidden-import pymdownx.arithmatex --hidden-import pymdownx.highlight --hidden-import pymdownx.inlinehilite --hidden-import pymdownx.keys --hidden-import pymdownx.smartsymbols --hidden-import pymdownx.snippets --hidden-import pymdownx.tilde --hidden-import pymdownx.caret --hidden-import pymdownx.mark --hidden-import pymdownx.emoji --hidden-import pymdownx.saneheaders D:\Code\DocNexusCorp\DocNexus\docnexus\app.py
727 INFO: PyInstaller: 6.17.0, contrib hooks: 2025.11
728 INFO: Python: 3.14.0
814 INFO: Platform: Windows-11-10.0.26100-SP0
814 INFO: Python environment: D:\Code\DocNexusCorp\DocNexus\build\venv
816 INFO: wrote D:\Code\DocNexusCorp\DocNexus\build\spec\DocNexus_v1.2.0.spec
825 INFO: Removing temporary files and cleaning cache in C:\Users\Suresh\AppData\Local\pyinstaller
866 INFO: Module search paths (PYTHONPATH):
['D:\\Code\\DocNexusCorp\\DocNexus\\build\\venv\\Scripts\\pyinstaller.exe',
 'C:\\Python314\\python314.zip',
 'C:\\Python314\\DLLs',
 'C:\\Python314\\Lib',
 'C:\\Python314',
 'D:\\Code\\DocNexusCorp\\DocNexus\\build\\venv',
 'D:\\Code\\DocNexusCorp\\DocNexus\\build\\venv\\Lib\\site-packages',
 '__editable__.docnexus-1.0.0.finder.__path_hook__',
 'D:\\Code\\DocNexusCorp\\DocNexus']
1608 INFO: Appending 'datas' from .spec
1611 INFO: checking Analysis
1611 INFO: Building Analysis because Analysis-00.toc is non existent
1612 INFO: Looking for Python shared library...
1612 INFO: Using Python shared library: C:\Python314\python314.dll
1612 INFO: Running Analysis Analysis-00.toc
1612 INFO: Target bytecode optimization level: 0
1612 INFO: Initializing module dependency graph...
1618 INFO: Initializing module graph hook caches...
1677 INFO: Analyzing modules for base_library.zip ...
4532 INFO: Processing standard module hook 'hook-encodings.py' from 'D:\\Code\\DocNexusCorp\\DocNexus\\build\\venv\\Lib\\site-packages\\PyInstaller\\hooks'
8336 INFO: Processing standard module hook 'hook-difflib.py' from 'D:\\Code\\DocNexusCorp\\DocNexus\\build\\venv\\Lib\\site-packages\\PyInstaller\\hooks'
8364 INFO: Processing standard module hook 'hook-heapq.py' from 'D:\\Code\\DocNexusCorp\\DocNexus\\build\\venv\\Lib\\site-packages\\PyInstaller\\hooks'
8631 INFO: Processing standard module hook 'hook-pickle.py' from 'D:\\Code\\DocNexusCorp\\DocNexus\\build\\venv\\Lib\\site-packages\\PyInstaller\\hooks'
11501 INFO: Caching module dependency graph...
11552 INFO: Analyzing D:\Code\DocNexusCorp\DocNexus\docnexus\app.py
12167 INFO: Processing pre-safe-import-module hook 'hook-typing_extensions.py' from 'D:\\Code\\DocNexusCorp\\DocNexus\\build\\venv\\Lib\\site-packages\\PyInstaller\\hooks\\pre_safe_import_module'
12170 INFO: SetuptoolsInfo: initializing cached setuptools info...
19477 INFO: Processing standard module hook 'hook-multiprocessing.util.py' from 'D:\\Code\\DocNexusCorp\\DocNexus\\build\\venv\\Lib\\site-packages\\PyInstaller\\hooks'
19710 INFO: Processing standard module hook 'hook-xml.py' from 'D:\\Code\\DocNexusCorp\\DocNexus\\build\\venv\\Lib\\site-packages\\PyInstaller\\hooks'
20282 INFO: Processing standard module hook 'hook-_ctypes.py' from 'D:\\Code\\DocNexusCorp\\DocNexus\\build\\venv\\Lib\\site-packages\\PyInstaller\\hooks'
21880 INFO: Processing standard module hook 'hook-platform.py' from 'D:\\Code\\DocNexusCorp\\DocNexus\\build\\venv\\Lib\\site-packages\\PyInstaller\\hooks'
22206 INFO: Processing standard module hook 'hook-sysconfig.py' from 'D:\\Code\\DocNexusCorp\\DocNexus\\build\\venv\\Lib\\site-packages\\PyInstaller\\hooks'
23574 INFO: Processing standard module hook 'hook-jinja2.py' from 'D:\\Code\\DocNexusCorp\\DocNexus\\build\\venv\\Lib\\site-packages\\_pyinstaller_hooks_contrib\\stdhooks'
24881 INFO: Processing pre-safe-import-module hook 'hook-importlib_metadata.py' from 'D:\\Code\\DocNexusCorp\\DocNexus\\build\\venv\\Lib\\site-packages\\PyInstaller\\hooks\\pre_safe_import_module'
24883 INFO: Setuptools: 'importlib_metadata' appears to be a setuptools-vendored copy - creating alias to 'setuptools._vendor.importlib_metadata'!
24905 INFO: Processing standard module hook 'hook-setuptools.py' from 'D:\\Code\\DocNexusCorp\\DocNexus\\build\\venv\\Lib\\site-packages\\PyInstaller\\hooks'
24929 INFO: Processing pre-safe-import-module hook 'hook-distutils.py' from 'D:\\Code\\DocNexusCorp\\DocNexus\\build\\venv\\Lib\\site-packages\\PyInstaller\\hooks\\pre_safe_import_module'
24988 INFO: Processing pre-safe-import-module hook 'hook-jaraco.py' from 'D:\\Code\\DocNexusCorp\\DocNexus\\build\\venv\\Lib\\site-packages\\PyInstaller\\hooks\\pre_safe_import_module'
24990 INFO: Setuptools: 'jaraco' appears to be a full setuptools-vendored copy - creating alias to 'setuptools._vendor.jaraco'!
25018 INFO: Processing pre-safe-import-module hook 'hook-more_itertools.py' from 'D:\\Code\\DocNexusCorp\\DocNexus\\build\\venv\\Lib\\site-packages\\PyInstaller\\hooks\\pre_safe_import_module'
25019 INFO: Setuptools: 'more_itertools' appears to be a setuptools-vendored copy - creating alias to 'setuptools._vendor.more_itertools'!
25469 INFO: Processing pre-safe-import-module hook 'hook-packaging.py' from 'D:\\Code\\DocNexusCorp\\DocNexus\\build\\venv\\Lib\\site-packages\\PyInstaller\\hooks\\pre_safe_import_module'
25862 INFO: Processing standard module hook 'hook-setuptools._vendor.jaraco.text.py' from 'D:\\Code\\DocNexusCorp\\DocNexus\\build\\venv\\Lib\\site-packages\\PyInstaller\\hooks'
25865 INFO: Processing pre-safe-import-module hook 'hook-importlib_resources.py' from 'D:\\Code\\DocNexusCorp\\DocNexus\\build\\venv\\Lib\\site-packages\\PyInstaller\\hooks\\pre_safe_import_module'
25881 INFO: Processing pre-safe-import-module hook 'hook-backports.py' from 'D:\\Code\\DocNexusCorp\\DocNexus\\build\\venv\\Lib\\site-packages\\PyInstaller\\hooks\\pre_safe_import_module'
25882 INFO: Setuptools: 'backports' appears to be a full setuptools-vendored copy - creating alias to 'setuptools._vendor.backports'!
26822 INFO: Processing pre-safe-import-module hook 'hook-tomli.py' from 'D:\\Code\\DocNexusCorp\\DocNexus\\build\\venv\\Lib\\site-packages\\PyInstaller\\hooks\\pre_safe_import_module'
26823 INFO: Setuptools: 'tomli' appears to be a setuptools-vendored copy - creating alias to 'setuptools._vendor.tomli'!
28709 INFO: Processing pre-safe-import-module hook 'hook-wheel.py' from 'D:\\Code\\DocNexusCorp\\DocNexus\\build\\venv\\Lib\\site-packages\\PyInstaller\\hooks\\pre_safe_import_module'
29586 INFO: Processing standard module hook 'hook-setuptools._vendor.importlib_metadata.py' from 'D:\\Code\\DocNexusCorp\\DocNexus\\build\\venv\\Lib\\site-packages\\PyInstaller\\hooks'
29590 INFO: Processing pre-safe-import-module hook 'hook-zipp.py' from 'D:\\Code\\DocNexusCorp\\DocNexus\\build\\venv\\Lib\\site-packages\\PyInstaller\\hooks\\pre_safe_import_module'
29591 INFO: Setuptools: 'zipp' appears to be a setuptools-vendored copy - creating alias to 'setuptools._vendor.zipp'!
29729 INFO: Processing standard module hook 'hook-markdown.py' from 'D:\\Code\\DocNexusCorp\\DocNexus\\build\\venv\\Lib\\site-packages\\_pyinstaller_hooks_contrib\\stdhooks'
31002 INFO: Processing standard module hook 'hook-xml.etree.cElementTree.py' from 'D:\\Code\\DocNexusCorp\\DocNexus\\build\\venv\\Lib\\site-packages\\PyInstaller\\hooks'
32560 INFO: Processing standard module hook 'hook-charset_normalizer.py' from 'D:\\Code\\DocNexusCorp\\DocNexus\\build\\venv\\Lib\\site-packages\\_pyinstaller_hooks_contrib\\stdhooks'
33066 INFO: Processing standard module hook 'hook-lxml.py' from 'D:\\Code\\DocNexusCorp\\DocNexus\\build\\venv\\Lib\\site-packages\\_pyinstaller_hooks_contrib\\stdhooks'
33922 INFO: Processing standard module hook 'hook-lxml.etree.py' from 'D:\\Code\\DocNexusCorp\\DocNexus\\build\\venv\\Lib\\site-packages\\_pyinstaller_hooks_contrib\\stdhooks'
34214 INFO: Processing standard module hook 'hook-docx.py' from 'D:\\Code\\DocNexusCorp\\DocNexus\\build\\venv\\Lib\\site-packages\\_pyinstaller_hooks_contrib\\stdhooks'
36342 INFO: Processing standard module hook 'hook-xml.dom.domreg.py' from 'D:\\Code\\DocNexusCorp\\DocNexus\\build\\venv\\Lib\\site-packages\\PyInstaller\\hooks'
37232 INFO: Processing pre-find-module-path hook 'hook-tkinter.py' from 'D:\\Code\\DocNexusCorp\\DocNexus\\build\\venv\\Lib\\site-packages\\PyInstaller\\hooks\\pre_find_module_path'
37233 INFO: TclTkInfo: initializing cached Tcl/Tk info...
38088 INFO: Processing standard module hook 'hook-_tkinter.py' from 'D:\\Code\\DocNexusCorp\\DocNexus\\build\\venv\\Lib\\site-packages\\PyInstaller\\hooks'
38191 INFO: Analyzing hidden import 'engineio.async_drivers.threading'
38191 ERROR: Hidden import 'engineio.async_drivers.threading' not found
38191 INFO: Analyzing hidden import 'pymdownx'
38207 INFO: Analyzing hidden import 'pymdownx.betterem'
38241 INFO: Analyzing hidden import 'pymdownx.superfences'
38351 INFO: Analyzing hidden import 'pymdownx.tabbed'
38413 INFO: Analyzing hidden import 'pymdownx.details'
38423 INFO: Analyzing hidden import 'pymdownx.magiclink'
38494 INFO: Analyzing hidden import 'pymdownx.tasklist'
38515 INFO: Analyzing hidden import 'pymdownx.arithmatex'
38535 INFO: Analyzing hidden import 'pymdownx.highlight'
38567 INFO: Processing standard module hook 'hook-pygments.py' from 'D:\\Code\\DocNexusCorp\\DocNexus\\build\\venv\\Lib\\site-packages\\PyInstaller\\hooks'
41349 INFO: Analyzing hidden import 'pymdownx.inlinehilite'
41371 INFO: Analyzing hidden import 'pymdownx.keys'
41407 INFO: Analyzing hidden import 'pymdownx.smartsymbols'
41415 INFO: Analyzing hidden import 'pymdownx.snippets'
41455 INFO: Analyzing hidden import 'pymdownx.tilde'
41464 INFO: Analyzing hidden import 'pymdownx.caret'
41473 INFO: Analyzing hidden import 'pymdownx.mark'
41478 INFO: Analyzing hidden import 'pymdownx.emoji'
42657 INFO: Analyzing hidden import 'pymdownx.saneheaders'
42671 INFO: Processing module hooks (post-graph stage)...
43882 INFO: Processing standard module hook 'hook-lxml.isoschematron.py' from 'D:\\Code\\DocNexusCorp\\DocNexus\\build\\venv\\Lib\\site-packages\\_pyinstaller_hooks_contrib\\stdhooks'
44275 INFO: Processing standard module hook 'hook-PIL.py' from 'D:\\Code\\DocNexusCorp\\DocNexus\\build\\venv\\Lib\\site-packages\\PyInstaller\\hooks'
44502 INFO: Processing standard module hook 'hook-PIL.Image.py' from 'D:\\Code\\DocNexusCorp\\DocNexus\\build\\venv\\Lib\\site-packages\\PyInstaller\\hooks'
45586 INFO: Processing standard module hook 'hook-PIL.ImageFilter.py' from 'D:\\Code\\DocNexusCorp\\DocNexus\\build\\venv\\Lib\\site-packages\\PyInstaller\\hooks'
51123 INFO: Processing standard module hook 'hook-_tkinter.py' from 'D:\\Code\\DocNexusCorp\\DocNexus\\build\\venv\\Lib\\site-packages\\PyInstaller\\hooks'
51125 INFO: Processing standard module hook 'hook-lxml.objectify.py' from 'D:\\Code\\DocNexusCorp\\DocNexus\\build\\venv\\Lib\\site-packages\\_pyinstaller_hooks_contrib\\stdhooks'
51697 INFO: Processing standard module hook 'hook-PIL.SpiderImagePlugin.py' from 'D:\\Code\\DocNexusCorp\\DocNexus\\build\\venv\\Lib\\site-packages\\PyInstaller\\hooks'
51845 INFO: Performing binary vs. data reclassification (989 entries)
52557 INFO: Looking for ctypes DLLs
52680 INFO: Analyzing run-time hooks ...
52688 INFO: Including run-time hook 'pyi_rth_setuptools.py' from 'D:\\Code\\DocNexusCorp\\DocNexus\\build\\venv\\Lib\\site-packages\\PyInstaller\\hooks\\rthooks'
52693 INFO: Including run-time hook 'pyi_rth_pkgutil.py' from 'D:\\Code\\DocNexusCorp\\DocNexus\\build\\venv\\Lib\\site-packages\\PyInstaller\\hooks\\rthooks'
52698 INFO: Including run-time hook 'pyi_rth_multiprocessing.py' from 'D:\\Code\\DocNexusCorp\\DocNexus\\build\\venv\\Lib\\site-packages\\PyInstaller\\hooks\\rthooks'
52706 INFO: Including run-time hook 'pyi_rth_inspect.py' from 'D:\\Code\\DocNexusCorp\\DocNexus\\build\\venv\\Lib\\site-packages\\PyInstaller\\hooks\\rthooks'
52717 INFO: Including run-time hook 'pyi_rth__tkinter.py' from 'D:\\Code\\DocNexusCorp\\DocNexus\\build\\venv\\Lib\\site-packages\\PyInstaller\\hooks\\rthooks'
52792 INFO: Creating base_library.zip...
52819 INFO: Looking for dynamic libraries
54930 INFO: Extra DLL search directories (AddDllDirectory): []
54930 INFO: Extra DLL search directories (PATH): []
55621 INFO: Warnings written to D:\Code\DocNexusCorp\DocNexus\build\temp\DocNexus_v1.2.0\warn-DocNexus_v1.2.0.txt
55734 INFO: Graph cross-reference written to D:\Code\DocNexusCorp\DocNexus\build\temp\DocNexus_v1.2.0\xref-DocNexus_v1.2.0.html
55803 INFO: checking PYZ
55803 INFO: Building PYZ because PYZ-00.toc is non existent
55803 INFO: Building PYZ (ZlibArchive) D:\Code\DocNexusCorp\DocNexus\build\temp\DocNexus_v1.2.0\PYZ-00.pyz
57760 INFO: Building PYZ (ZlibArchive) D:\Code\DocNexusCorp\DocNexus\build\temp\DocNexus_v1.2.0\PYZ-00.pyz completed successfully.
57888 INFO: checking PKG
57889 INFO: Building PKG because PKG-00.toc is non existent
57889 INFO: Building PKG (CArchive) DocNexus_v1.2.0.pkg
61638 INFO: Building PKG (CArchive) DocNexus_v1.2.0.pkg completed successfully.
61656 INFO: Bootloader D:\Code\DocNexusCorp\DocNexus\build\venv\Lib\site-packages\PyInstaller\bootloader\Windows-64bit-intel\run.exe
61656 INFO: checking EXE
61656 INFO: Building EXE because EXE-00.toc is non existent
61656 INFO: Building EXE from EXE-00.toc
61657 INFO: Copying bootloader EXE to D:\Code\DocNexusCorp\DocNexus\build\output\DocNexus_v1.2.0.exe
63186 INFO: Copying icon to EXE
63322 INFO: Copying 0 resources to EXE
63322 INFO: Embedding manifest in EXE
63460 INFO: Appending PKG archive to EXE
63908 INFO: Fixing EXE headers
64828 INFO: Building EXE from EXE-00.toc completed successfully.
64851 INFO: Build complete! The results are available in: D:\Code\DocNexusCorp\DocNexus\build\output
Copying examples to dist: D:\Code\DocNexusCorp\DocNexus\build\output\examples
Copying docs to dist: D:\Code\DocNexusCorp\DocNexus\build\output\docs
Build Complete: D:\Code\DocNexusCorp\DocNexus\build\output\DocNexus_v1.2.0
